  Determining projects to restore...
  All projects are up-to-date for restore.
  Dormitory.Models -> C:\Users\Minhhoangg\Desktop\CODE\project\backend\Dormitory.Models\bin\Debug\net8.0\Dormitory.Models.dll
C:\Users\Minhhoangg\Desktop\CODE\project\backend\DormitoryManagement\Attributes\RequirePermissionAttribute.cs(30,18): warning CS8602: Dereference of a possibly null reference. [C:\Users\Minhhoangg\Desktop\CODE\project\backend\DormitoryManagement\DormitoryManagement.csproj]
C:\Users\Minhhoangg\Desktop\CODE\project\backend\DormitoryManagement\Controllers\Shared\AuthController.cs(33,35): warning CS8602: Dereference of a possibly null reference. [C:\Users\Minhhoangg\Desktop\CODE\project\backend\DormitoryManagement\DormitoryManagement.csproj]
C:\Users\Minhhoangg\Desktop\CODE\project\backend\DormitoryManagement\Controllers\Shared\AuthController.cs(62,69): warning CS8602: Dereference of a possibly null reference. [C:\Users\Minhhoangg\Desktop\CODE\project\backend\DormitoryManagement\DormitoryManagement.csproj]
C:\Users\Minhhoangg\Desktop\CODE\project\backend\DormitoryManagement\Controllers\Shared\AuthController.cs(65,96): warning CS8602: Dereference of a possibly null reference. [C:\Users\Minhhoangg\Desktop\CODE\project\backend\DormitoryManagement\DormitoryManagement.csproj]
C:\Users\Minhhoangg\Desktop\CODE\project\backend\DormitoryManagement\Controllers\Shared\AuthController.cs(66,97): warning CS8602: Dereference of a possibly null reference. [C:\Users\Minhhoangg\Desktop\CODE\project\backend\DormitoryManagement\DormitoryManagement.csproj]
C:\Users\Minhhoangg\Desktop\CODE\project\backend\DormitoryManagement\Controllers\Shared\AuthController.cs(96,35): warning CS8602: Dereference of a possibly null reference. [C:\Users\Minhhoangg\Desktop\CODE\project\backend\DormitoryManagement\DormitoryManagement.csproj]
C:\Users\Minhhoangg\Desktop\CODE\project\backend\DormitoryManagement\Controllers\Shared\AuthController.cs(104,69): warning CS8602: Dereference of a possibly null reference. [C:\Users\Minhhoangg\Desktop\CODE\project\backend\DormitoryManagement\DormitoryManagement.csproj]
C:\Users\Minhhoangg\Desktop\CODE\project\backend\DormitoryManagement\Controllers\Shared\AuthController.cs(105,96): warning CS8602: Dereference of a possibly null reference. [C:\Users\Minhhoangg\Desktop\CODE\project\backend\DormitoryManagement\DormitoryManagement.csproj]
C:\Users\Minhhoangg\Desktop\CODE\project\backend\DormitoryManagement\Controllers\Shared\AuthController.cs(106,97): warning CS8602: Dereference of a possibly null reference. [C:\Users\Minhhoangg\Desktop\CODE\project\backend\DormitoryManagement\DormitoryManagement.csproj]
C:\Users\Minhhoangg\Desktop\CODE\project\backend\DormitoryManagement\Controllers\Dashboard\DashboardController.cs(187,53): error CS1061: 'RoomFinanceRecord' does not contain a definition for 'RemainingAmount' and no accessible extension method 'RemainingAmount' accepting a first argument of type 'RoomFinanceRecord' could be found (are you missing a using directive or an assembly reference?) [C:\Users\Minhhoangg\Desktop\CODE\project\backend\DormitoryManagement\DormitoryManagement.csproj]
C:\Users\Minhhoangg\Desktop\CODE\project\backend\DormitoryManagement\Controllers\Dashboard\DashboardController.cs(205,57): error CS1061: 'RoomFinanceRecord' does not contain a definition for 'RemainingAmount' and no accessible extension method 'RemainingAmount' accepting a first argument of type 'RoomFinanceRecord' could be found (are you missing a using directive or an assembly reference?) [C:\Users\Minhhoangg\Desktop\CODE\project\backend\DormitoryManagement\DormitoryManagement.csproj]

Build FAILED.

C:\Users\Minhhoangg\Desktop\CODE\project\backend\DormitoryManagement\Attributes\RequirePermissionAttribute.cs(30,18): warning CS8602: Dereference of a possibly null reference. [C:\Users\Minhhoangg\Desktop\CODE\project\backend\DormitoryManagement\DormitoryManagement.csproj]
C:\Users\Minhhoangg\Desktop\CODE\project\backend\DormitoryManagement\Controllers\Shared\AuthController.cs(33,35): warning CS8602: Dereference of a possibly null reference. [C:\Users\Minhhoangg\Desktop\CODE\project\backend\DormitoryManagement\DormitoryManagement.csproj]
C:\Users\Minhhoangg\Desktop\CODE\project\backend\DormitoryManagement\Controllers\Shared\AuthController.cs(62,69): warning CS8602: Dereference of a possibly null reference. [C:\Users\Minhhoangg\Desktop\CODE\project\backend\DormitoryManagement\DormitoryManagement.csproj]
C:\Users\Minhhoangg\Desktop\CODE\project\backend\DormitoryManagement\Controllers\Shared\AuthController.cs(65,96): warning CS8602: Dereference of a possibly null reference. [C:\Users\Minhhoangg\Desktop\CODE\project\backend\DormitoryManagement\DormitoryManagement.csproj]
C:\Users\Minhhoangg\Desktop\CODE\project\backend\DormitoryManagement\Controllers\Shared\AuthController.cs(66,97): warning CS8602: Dereference of a possibly null reference. [C:\Users\Minhhoangg\Desktop\CODE\project\backend\DormitoryManagement\DormitoryManagement.csproj]
C:\Users\Minhhoangg\Desktop\CODE\project\backend\DormitoryManagement\Controllers\Shared\AuthController.cs(96,35): warning CS8602: Dereference of a possibly null reference. [C:\Users\Minhhoangg\Desktop\CODE\project\backend\DormitoryManagement\DormitoryManagement.csproj]
C:\Users\Minhhoangg\Desktop\CODE\project\backend\DormitoryManagement\Controllers\Shared\AuthController.cs(104,69): warning CS8602: Dereference of a possibly null reference. [C:\Users\Minhhoangg\Desktop\CODE\project\backend\DormitoryManagement\DormitoryManagement.csproj]
C:\Users\Minhhoangg\Desktop\CODE\project\backend\DormitoryManagement\Controllers\Shared\AuthController.cs(105,96): warning CS8602: Dereference of a possibly null reference. [C:\Users\Minhhoangg\Desktop\CODE\project\backend\DormitoryManagement\DormitoryManagement.csproj]
C:\Users\Minhhoangg\Desktop\CODE\project\backend\DormitoryManagement\Controllers\Shared\AuthController.cs(106,97): warning CS8602: Dereference of a possibly null reference. [C:\Users\Minhhoangg\Desktop\CODE\project\backend\DormitoryManagement\DormitoryManagement.csproj]
C:\Users\Minhhoangg\Desktop\CODE\project\backend\DormitoryManagement\Controllers\Dashboard\DashboardController.cs(187,53): error CS1061: 'RoomFinanceRecord' does not contain a definition for 'RemainingAmount' and no accessible extension method 'RemainingAmount' accepting a first argument of type 'RoomFinanceRecord' could be found (are you missing a using directive or an assembly reference?) [C:\Users\Minhhoangg\Desktop\CODE\project\backend\DormitoryManagement\DormitoryManagement.csproj]
C:\Users\Minhhoangg\Desktop\CODE\project\backend\DormitoryManagement\Controllers\Dashboard\DashboardController.cs(205,57): error CS1061: 'RoomFinanceRecord' does not contain a definition for 'RemainingAmount' and no accessible extension method 'RemainingAmount' accepting a first argument of type 'RoomFinanceRecord' could be found (are you missing a using directive or an assembly reference?) [C:\Users\Minhhoangg\Desktop\CODE\project\backend\DormitoryManagement\DormitoryManagement.csproj]
    9 Warning(s)
    2 Error(s)

Time Elapsed 00:00:01.84

Workload updates are available. Run `dotnet workload list` for more information.
