Using launch settings from Properties\launchSettings.json...
Building...
warn: Microsoft.EntityFrameworkCore.Model.Validation[30000]
      No store type was specified for the decimal property 'DepositAmount' on entity type 'Contract'. This will cause values to be silently truncated if they do not fit in the default precision and scale. Explicitly specify the SQL server column type that can accommodate all the values in 'OnModelCreating' using 'HasColumnType', specify precision and scale using 'HasPrecision', or configure a value converter using 'HasConversion'.
warn: Microsoft.EntityFrameworkCore.Model.Validation[30000]
      No store type was specified for the decimal property 'MonthlyFee' on entity type 'Contract'. This will cause values to be silently truncated if they do not fit in the default precision and scale. Explicitly specify the SQL server column type that can accommodate all the values in 'OnModelCreating' using 'HasColumnType', specify precision and scale using 'HasPrecision', or configure a value converter using 'HasConversion'.
warn: Microsoft.EntityFrameworkCore.Model.Validation[30000]
      No store type was specified for the decimal property 'ElectricityFee' on entity type 'Invoices'. This will cause values to be silently truncated if they do not fit in the default precision and scale. Explicitly specify the SQL server column type that can accommodate all the values in 'OnModelCreating' using 'HasColumnType', specify precision and scale using 'HasPrecision', or configure a value converter using 'HasConversion'.
warn: Microsoft.EntityFrameworkCore.Model.Validation[30000]
      No store type was specified for the decimal property 'RoomFee' on entity type 'Invoices'. This will cause values to be silently truncated if they do not fit in the default precision and scale. Explicitly specify the SQL server column type that can accommodate all the values in 'OnModelCreating' using 'HasColumnType', specify precision and scale using 'HasPrecision', or configure a value converter using 'HasConversion'.
warn: Microsoft.EntityFrameworkCore.Model.Validation[30000]
      No store type was specified for the decimal property 'ServiceFee' on entity type 'Invoices'. This will cause values to be silently truncated if they do not fit in the default precision and scale. Explicitly specify the SQL server column type that can accommodate all the values in 'OnModelCreating' using 'HasColumnType', specify precision and scale using 'HasPrecision', or configure a value converter using 'HasConversion'.
warn: Microsoft.EntityFrameworkCore.Model.Validation[30000]
      No store type was specified for the decimal property 'Total' on entity type 'Invoices'. This will cause values to be silently truncated if they do not fit in the default precision and scale. Explicitly specify the SQL server column type that can accommodate all the values in 'OnModelCreating' using 'HasColumnType', specify precision and scale using 'HasPrecision', or configure a value converter using 'HasConversion'.
warn: Microsoft.EntityFrameworkCore.Model.Validation[30000]
      No store type was specified for the decimal property 'WaterFee' on entity type 'Invoices'. This will cause values to be silently truncated if they do not fit in the default precision and scale. Explicitly specify the SQL server column type that can accommodate all the values in 'OnModelCreating' using 'HasColumnType', specify precision and scale using 'HasPrecision', or configure a value converter using 'HasConversion'.
warn: Microsoft.EntityFrameworkCore.Model.Validation[30000]
      No store type was specified for the decimal property 'PricePerMonth' on entity type 'Rooms'. This will cause values to be silently truncated if they do not fit in the default precision and scale. Explicitly specify the SQL server column type that can accommodate all the values in 'OnModelCreating' using 'HasColumnType', specify precision and scale using 'HasPrecision', or configure a value converter using 'HasConversion'.
warn: Microsoft.EntityFrameworkCore.Model.Validation[30000]
      No store type was specified for the decimal property 'ElectricityUnitPrice' on entity type 'Utilities'. This will cause values to be silently truncated if they do not fit in the default precision and scale. Explicitly specify the SQL server column type that can accommodate all the values in 'OnModelCreating' using 'HasColumnType', specify precision and scale using 'HasPrecision', or configure a value converter using 'HasConversion'.
warn: Microsoft.EntityFrameworkCore.Model.Validation[30000]
      No store type was specified for the decimal property 'WaterUnitPrice' on entity type 'Utilities'. This will cause values to be silently truncated if they do not fit in the default precision and scale. Explicitly specify the SQL server column type that can accommodate all the values in 'OnModelCreating' using 'HasColumnType', specify precision and scale using 'HasPrecision', or configure a value converter using 'HasConversion'.
info: Microsoft.EntityFrameworkCore.Database.Command[20101]
      Executed DbCommand (21ms) [Parameters=[], CommandType='Text', CommandTimeout='30']
      SELECT 1
info: Microsoft.EntityFrameworkCore.Database.Command[20101]
      Executed DbCommand (30ms) [Parameters=[], CommandType='Text', CommandTimeout='30']
      
      IF EXISTS
          (SELECT *
           FROM [sys].[objects] o
           WHERE [o].[type] = 'U'
           AND [o].[is_ms_shipped] = 0
           AND NOT EXISTS (SELECT *
               FROM [sys].[extended_properties] AS [ep]
               WHERE [ep].[major_id] = [o].[object_id]
                   AND [ep].[minor_id] = 0
                   AND [ep].[class] = 1
                   AND [ep].[name] = N'microsoft_database_tools_support'
          )
      )
      SELECT 1 ELSE SELECT 0
info: Microsoft.EntityFrameworkCore.Database.Command[20101]
      Executed DbCommand (5ms) [Parameters=[], CommandType='Text', CommandTimeout='30']
      SELECT CASE
          WHEN EXISTS (
              SELECT 1
              FROM [Buildings] AS [b]) THEN CAST(1 AS bit)
          ELSE CAST(0 AS bit)
      END
info: Microsoft.Hosting.Lifetime[14]
      Now listening on: http://127.0.0.1:5101
info: Microsoft.Hosting.Lifetime[0]
      Application started. Press Ctrl+C to shut down.
info: Microsoft.Hosting.Lifetime[0]
      Hosting environment: Development
info: Microsoft.Hosting.Lifetime[0]
      Content root path: C:\Users\Minhhoangg\Desktop\CODE\project\backend\DormitoryManagement
warn: Microsoft.AspNetCore.HttpsPolicy.HttpsRedirectionMiddleware[3]
      Failed to determine the https port for redirect.
info: Microsoft.EntityFrameworkCore.Database.Command[20101]
      Executed DbCommand (2ms) [Parameters=[], CommandType='Text', CommandTimeout='30']
      SELECT [i].[Id], [i].[BillingMonth], [i].[CreatedAt], [i].[DueDate], [i].[ElectricityFee], [i].[InvoiceCode], [i].[PaidDate], [i].[RoomFee], [i].[RoomId], [i].[ServiceFee], [i].[Status], [i].[StudentId], [i].[Total], [i].[UpdatedAt], [i].[UtilityId], [i].[WaterFee]
      FROM [Invoices] AS [i]
info: Microsoft.EntityFrameworkCore.Database.Command[20101]
      Executed DbCommand (2ms) [Parameters=[], CommandType='Text', CommandTimeout='30']
      SELECT COUNT(*)
      FROM [Rooms] AS [r]
info: Microsoft.EntityFrameworkCore.Database.Command[20101]
      Executed DbCommand (2ms) [Parameters=[], CommandType='Text', CommandTimeout='30']
      SELECT COUNT(*)
      FROM [Rooms] AS [r]
      WHERE [r].[CurrentOccupancy] > 0
info: Microsoft.EntityFrameworkCore.Database.Command[20101]
      Executed DbCommand (2ms) [Parameters=[], CommandType='Text', CommandTimeout='30']
      SELECT COUNT(*)
      FROM [Rooms] AS [r]
      WHERE [r].[CurrentOccupancy] >= [r].[Capacity]
info: Microsoft.EntityFrameworkCore.Database.Command[20101]
      Executed DbCommand (2ms) [Parameters=[], CommandType='Text', CommandTimeout='30']
      SELECT COUNT(*)
      FROM [Students] AS [s]
info: Microsoft.EntityFrameworkCore.Database.Command[20101]
      Executed DbCommand (2ms) [Parameters=[], CommandType='Text', CommandTimeout='30']
      SELECT COUNT(*)
      FROM [Contracts] AS [c]
      WHERE [c].[Status] = N'Active'
info: Microsoft.EntityFrameworkCore.Database.Command[20101]
      Executed DbCommand (2ms) [Parameters=[], CommandType='Text', CommandTimeout='30']
      SELECT [b].[Name] AS [building], COALESCE(SUM([r].[CurrentOccupancy]), 0) AS [occupied], COALESCE(SUM([r].[Capacity]), 0) AS [capacity]
      FROM [Rooms] AS [r]
      INNER JOIN [Buildings] AS [b] ON [r].[BuildingId] = [b].[Id]
      GROUP BY [b].[Name]
info: Microsoft.EntityFrameworkCore.Database.Command[20101]
      Executed DbCommand (11ms) [Parameters=[@__p_0='?' (DbType = Int32)], CommandType='Text', CommandTimeout='30']
      SELECT [t].[Id] AS [id], [s].[Name] AS [student], [r0].[RoomNumber] AS [room], [t].[Status] AS [status], [t].[CreatedAt] AS [createdAt]
      FROM (
          SELECT TOP(@__p_0) [r].[Id], [r].[CreatedAt], [r].[RoomId], [r].[Status], [r].[StudentId]
          FROM [Registrations] AS [r]
          ORDER BY [r].[CreatedAt] DESC
      ) AS [t]
      INNER JOIN [Students] AS [s] ON [t].[StudentId] = [s].[Id]
      INNER JOIN [Rooms] AS [r0] ON [t].[RoomId] = [r0].[Id]
      ORDER BY [t].[CreatedAt] DESC
info: Microsoft.EntityFrameworkCore.Database.Command[20101]
      Executed DbCommand (2ms) [Parameters=[], CommandType='Text', CommandTimeout='30']
      SELECT [i].[Id], [i].[BillingMonth], [i].[CreatedAt], [i].[DueDate], [i].[ElectricityFee], [i].[InvoiceCode], [i].[PaidDate], [i].[RoomFee], [i].[RoomId], [i].[ServiceFee], [i].[Status], [i].[StudentId], [i].[Total], [i].[UpdatedAt], [i].[UtilityId], [i].[WaterFee]
      FROM [Invoices] AS [i]
info: Microsoft.EntityFrameworkCore.Database.Command[20101]
      Executed DbCommand (2ms) [Parameters=[], CommandType='Text', CommandTimeout='30']
      SELECT COUNT(*)
      FROM [Rooms] AS [r]
info: Microsoft.EntityFrameworkCore.Database.Command[20101]
      Executed DbCommand (5ms) [Parameters=[], CommandType='Text', CommandTimeout='30']
      SELECT [r].[Id], [r].[RoomNumber], [r].[BuildingId], [b].[Name] AS [buildingName], [r].[FloorNumber], [r].[RoomType], [r].[Capacity], [r].[CurrentOccupancy], [r].[PricePerMonth], [r].[Status], [r].[Capacity] - [r].[CurrentOccupancy] AS [availableSlots], [r].[CreatedAt] AS [createdAt]
      FROM [Rooms] AS [r]
      INNER JOIN [Buildings] AS [b] ON [r].[BuildingId] = [b].[Id]
      ORDER BY [r].[RoomNumber]
info: Microsoft.EntityFrameworkCore.Database.Command[20101]
      Executed DbCommand (3ms) [Parameters=[], CommandType='Text', CommandTimeout='30']
      SELECT [b].[Id], [b].[Name], [b].[Code]
      FROM [Buildings] AS [b]
      ORDER BY [b].[Name]
info: Microsoft.EntityFrameworkCore.Database.Command[20101]
      Executed DbCommand (9ms) [Parameters=[], CommandType='Text', CommandTimeout='30']
      SELECT [r].[Id], [r].[StudentId], [s].[Name] AS [studentName], [s].[StudentCode] AS [studentCode], [r].[RoomId], [r0].[RoomNumber] AS [roomNumber], [r].[RegistrationDate], [r].[ApprovedDate], [r].[Note], [r].[Status], [r].[CreatedAt]
      FROM [Registrations] AS [r]
      INNER JOIN [Students] AS [s] ON [r].[StudentId] = [s].[Id]
      INNER JOIN [Rooms] AS [r0] ON [r].[RoomId] = [r0].[Id]
      ORDER BY [r].[RegistrationDate] DESC
info: Microsoft.EntityFrameworkCore.Database.Command[20101]
      Executed DbCommand (5ms) [Parameters=[], CommandType='Text', CommandTimeout='30']
      SELECT [r].[Id], [r].[RoomNumber], [r].[BuildingId], [b].[Name] AS [buildingName], [r].[Capacity], [r].[CurrentOccupancy]
      FROM [Rooms] AS [r]
      INNER JOIN [Buildings] AS [b] ON [r].[BuildingId] = [b].[Id]
      ORDER BY [r].[RoomNumber]
info: Microsoft.EntityFrameworkCore.Database.Command[20101]
      Executed DbCommand (2ms) [Parameters=[], CommandType='Text', CommandTimeout='30']
      SELECT COUNT(*)
      FROM [Rooms] AS [r]
      WHERE [r].[CurrentOccupancy] > 0
info: Microsoft.EntityFrameworkCore.Database.Command[20101]
      Executed DbCommand (1ms) [Parameters=[], CommandType='Text', CommandTimeout='30']
      SELECT COUNT(*)
      FROM [Rooms] AS [r]
      WHERE [r].[CurrentOccupancy] >= [r].[Capacity]
info: Microsoft.EntityFrameworkCore.Database.Command[20101]
      Executed DbCommand (1ms) [Parameters=[], CommandType='Text', CommandTimeout='30']
      SELECT COUNT(*)
      FROM [Students] AS [s]
info: Microsoft.EntityFrameworkCore.Database.Command[20101]
      Executed DbCommand (3ms) [Parameters=[], CommandType='Text', CommandTimeout='30']
      SELECT [s].[Id], [s].[Name], [s].[StudentCode], [s].[RoomId]
      FROM [Students] AS [s]
      ORDER BY [s].[Name]
info: Microsoft.EntityFrameworkCore.Database.Command[20101]
      Executed DbCommand (1ms) [Parameters=[], CommandType='Text', CommandTimeout='30']
      SELECT COUNT(*)
      FROM [Contracts] AS [c]
      WHERE [c].[Status] = N'Active'
info: Microsoft.EntityFrameworkCore.Database.Command[20101]
      Executed DbCommand (2ms) [Parameters=[], CommandType='Text', CommandTimeout='30']
      SELECT [b].[Name] AS [building], COALESCE(SUM([r].[CurrentOccupancy]), 0) AS [occupied], COALESCE(SUM([r].[Capacity]), 0) AS [capacity]
      FROM [Rooms] AS [r]
      INNER JOIN [Buildings] AS [b] ON [r].[BuildingId] = [b].[Id]
      GROUP BY [b].[Name]
info: Microsoft.EntityFrameworkCore.Database.Command[20101]
      Executed DbCommand (10ms) [Parameters=[], CommandType='Text', CommandTimeout='30']
      SELECT [u].[Id], [u].[RoomId], [r].[RoomNumber] AS [roomNumber], [u].[ElectricityOld], [u].[ElectricityNew], [u].[ElectricityNew] - [u].[ElectricityOld] AS [electricityUsage], [u].[WaterOld], [u].[WaterNew], [u].[WaterNew] - [u].[WaterOld] AS [waterUsage], [u].[ElectricityUnitPrice], [u].[WaterUnitPrice], [u].[BillingMonth], CAST([u].[ElectricityNew] - [u].[ElectricityOld] AS decimal(18,2)) * [u].[ElectricityUnitPrice] AS [electricityFee], CAST([u].[WaterNew] - [u].[WaterOld] AS decimal(18,2)) * [u].[WaterUnitPrice] AS [waterFee], [u].[CreatedAt]
      FROM [Utilities] AS [u]
      INNER JOIN [Rooms] AS [r] ON [u].[RoomId] = [r].[Id]
      ORDER BY [u].[BillingMonth] DESC
info: Microsoft.EntityFrameworkCore.Database.Command[20101]
      Executed DbCommand (2ms) [Parameters=[@__p_0='?' (DbType = Int32)], CommandType='Text', CommandTimeout='30']
      SELECT [t].[Id] AS [id], [s].[Name] AS [student], [r0].[RoomNumber] AS [room], [t].[Status] AS [status], [t].[CreatedAt] AS [createdAt]
      FROM (
          SELECT TOP(@__p_0) [r].[Id], [r].[CreatedAt], [r].[RoomId], [r].[Status], [r].[StudentId]
          FROM [Registrations] AS [r]
          ORDER BY [r].[CreatedAt] DESC
      ) AS [t]
      INNER JOIN [Students] AS [s] ON [t].[StudentId] = [s].[Id]
      INNER JOIN [Rooms] AS [r0] ON [t].[RoomId] = [r0].[Id]
      ORDER BY [t].[CreatedAt] DESC
info: Microsoft.EntityFrameworkCore.Database.Command[20101]
      Executed DbCommand (2ms) [Parameters=[], CommandType='Text', CommandTimeout='30']
      SELECT [r].[Id], [r].[Name]
      FROM [Roles] AS [r]
      ORDER BY [r].[Name]
info: Microsoft.EntityFrameworkCore.Database.Command[20101]
      Executed DbCommand (3ms) [Parameters=[], CommandType='Text', CommandTimeout='30']
      SELECT [r].[Id], [r].[CreatedAt], [r].[Description], [r].[Name], [r].[UpdatedAt]
      FROM [Roles] AS [r]
      ORDER BY [r].[Name]
info: Microsoft.EntityFrameworkCore.Database.Command[20101]
      Executed DbCommand (6ms) [Parameters=[], CommandType='Text', CommandTimeout='30']
      SELECT [b].[Id], [b].[Code], [b].[Name], [b].[GenderPolicy], [b].[NumberOfFloors], [b].[ManagerName], [b].[Description], (
          SELECT COUNT(*)
          FROM [Rooms] AS [r]
          WHERE [b].[Id] = [r].[BuildingId]) AS [roomCount], [b].[CreatedAt] AS [createdAt]
      FROM [Buildings] AS [b]
      ORDER BY [b].[Code]
info: Microsoft.EntityFrameworkCore.Database.Command[20101]
      Executed DbCommand (3ms) [Parameters=[], CommandType='Text', CommandTimeout='30']
      SELECT [u].[Id], [u].[RoomId], [u].[BillingMonth]
      FROM [Utilities] AS [u]
      ORDER BY [u].[BillingMonth] DESC
info: Microsoft.EntityFrameworkCore.Database.Command[20101]
      Executed DbCommand (11ms) [Parameters=[], CommandType='Text', CommandTimeout='30']
      SELECT [s].[Id], [s].[StudentCode], [s].[Name], [s].[Gender], [s].[DateOfBirth], [s].[Phone], [s].[Email], [s].[Faculty], [s].[ClassName], [s].[Address], [s].[EmergencyContact], [s].[Status], [s].[RoomId], [r].[RoomNumber] AS [roomNumber], [b].[Name] AS [buildingName], [s].[CreatedAt] AS [createdAt]
      FROM [Students] AS [s]
      LEFT JOIN [Rooms] AS [r] ON [s].[RoomId] = [r].[Id]
      LEFT JOIN [Buildings] AS [b] ON [r].[BuildingId] = [b].[Id]
      ORDER BY [s].[StudentCode]
info: Microsoft.EntityFrameworkCore.Database.Command[20101]
      Executed DbCommand (12ms) [Parameters=[], CommandType='Text', CommandTimeout='30']
      SELECT [u].[Id], [u].[Username], [u].[FullName], [u].[Email], [u].[RoleId], [r].[Name] AS [roleName], [u].[IsActive], [u].[CreatedAt]
      FROM [Users] AS [u]
      INNER JOIN [Roles] AS [r] ON [u].[RoleId] = [r].[Id]
      ORDER BY [u].[Username]
info: Microsoft.EntityFrameworkCore.Database.Command[20101]
      Executed DbCommand (18ms) [Parameters=[], CommandType='Text', CommandTimeout='30']
      SELECT [c].[Id], [c].[ContractCode], [c].[StudentId], [s].[Name] AS [studentName], [c].[RoomId], [r].[RoomNumber] AS [roomNumber], [c].[DepositAmount], [c].[MonthlyFee], [c].[StartDate], [c].[EndDate], [c].[Status], [c].[CreatedAt]
      FROM [Contracts] AS [c]
      INNER JOIN [Students] AS [s] ON [c].[StudentId] = [s].[Id]
      INNER JOIN [Rooms] AS [r] ON [c].[RoomId] = [r].[Id]
      ORDER BY [c].[StartDate] DESC
info: Microsoft.EntityFrameworkCore.Database.Command[20101]
      Executed DbCommand (20ms) [Parameters=[], CommandType='Text', CommandTimeout='30']
      SELECT [i].[Id], [i].[InvoiceCode], [i].[StudentId], [s].[Name] AS [studentName], [i].[RoomId], [r].[RoomNumber] AS [roomNumber], [i].[UtilityId], [i].[RoomFee], [i].[ElectricityFee], [i].[WaterFee], [i].[ServiceFee], [i].[Total], [i].[Status], [i].[BillingMonth], [i].[DueDate], [i].[PaidDate], [i].[CreatedAt]
      FROM [Invoices] AS [i]
      INNER JOIN [Students] AS [s] ON [i].[StudentId] = [s].[Id]
      INNER JOIN [Rooms] AS [r] ON [i].[RoomId] = [r].[Id]
      ORDER BY [i].[BillingMonth] DESC
info: Microsoft.EntityFrameworkCore.Database.Command[20101]
      Executed DbCommand (8ms) [Parameters=[@__p_0='?' (DbType = Int32)], CommandType='Text', CommandTimeout='30']
      SELECT TOP(1) [r].[Id], [r].[ApprovedDate], [r].[CreatedAt], [r].[Note], [r].[RegistrationDate], [r].[RoomId], [r].[Status], [r].[StudentId], [r].[UpdatedAt]
      FROM [Registrations] AS [r]
      WHERE [r].[Id] = @__p_0
info: Microsoft.EntityFrameworkCore.Database.Command[20101]
      Executed DbCommand (8ms) [Parameters=[@p3='?' (DbType = Int32), @p0='?' (DbType = DateTime2), @p1='?' (Size = 4000), @p2='?' (DbType = DateTime2)], CommandType='Text', CommandTimeout='30']
      SET IMPLICIT_TRANSACTIONS OFF;
      SET NOCOUNT ON;
      UPDATE [Registrations] SET [RegistrationDate] = @p0, [Status] = @p1, [UpdatedAt] = @p2
      OUTPUT 1
      WHERE [Id] = @p3;
info: Microsoft.EntityFrameworkCore.Database.Command[20101]
      Executed DbCommand (2ms) [Parameters=[], CommandType='Text', CommandTimeout='30']
      SELECT [i].[Id], [i].[BillingMonth], [i].[CreatedAt], [i].[DueDate], [i].[ElectricityFee], [i].[InvoiceCode], [i].[PaidDate], [i].[RoomFee], [i].[RoomId], [i].[ServiceFee], [i].[Status], [i].[StudentId], [i].[Total], [i].[UpdatedAt], [i].[UtilityId], [i].[WaterFee]
      FROM [Invoices] AS [i]
info: Microsoft.EntityFrameworkCore.Database.Command[20101]
      Executed DbCommand (2ms) [Parameters=[], CommandType='Text', CommandTimeout='30']
      SELECT [i].[Id], [i].[InvoiceCode], [i].[StudentId], [s].[Name] AS [studentName], [i].[RoomId], [r].[RoomNumber] AS [roomNumber], [i].[UtilityId], [i].[RoomFee], [i].[ElectricityFee], [i].[WaterFee], [i].[ServiceFee], [i].[Total], [i].[Status], [i].[BillingMonth], [i].[DueDate], [i].[PaidDate], [i].[CreatedAt]
      FROM [Invoices] AS [i]
      INNER JOIN [Students] AS [s] ON [i].[StudentId] = [s].[Id]
      INNER JOIN [Rooms] AS [r] ON [i].[RoomId] = [r].[Id]
      ORDER BY [i].[BillingMonth] DESC
info: Microsoft.EntityFrameworkCore.Database.Command[20101]
      Executed DbCommand (2ms) [Parameters=[], CommandType='Text', CommandTimeout='30']
      SELECT [b].[Id], [b].[Name], [b].[Code]
      FROM [Buildings] AS [b]
      ORDER BY [b].[Name]
info: Microsoft.EntityFrameworkCore.Database.Command[20101]
      Executed DbCommand (2ms) [Parameters=[], CommandType='Text', CommandTimeout='30']
      SELECT [b].[Id], [b].[Code], [b].[Name], [b].[GenderPolicy], [b].[NumberOfFloors], [b].[ManagerName], [b].[Description], (
          SELECT COUNT(*)
          FROM [Rooms] AS [r]
          WHERE [b].[Id] = [r].[BuildingId]) AS [roomCount], [b].[CreatedAt] AS [createdAt]
      FROM [Buildings] AS [b]
      ORDER BY [b].[Code]
info: Microsoft.EntityFrameworkCore.Database.Command[20101]
      Executed DbCommand (1ms) [Parameters=[], CommandType='Text', CommandTimeout='30']
      SELECT COUNT(*)
      FROM [Rooms] AS [r]
info: Microsoft.EntityFrameworkCore.Database.Command[20101]
      Executed DbCommand (1ms) [Parameters=[], CommandType='Text', CommandTimeout='30']
      SELECT [r].[Id], [r].[RoomNumber], [r].[BuildingId], [b].[Name] AS [buildingName], [r].[Capacity], [r].[CurrentOccupancy]
      FROM [Rooms] AS [r]
      INNER JOIN [Buildings] AS [b] ON [r].[BuildingId] = [b].[Id]
      ORDER BY [r].[RoomNumber]
info: Microsoft.EntityFrameworkCore.Database.Command[20101]
      Executed DbCommand (1ms) [Parameters=[], CommandType='Text', CommandTimeout='30']
      SELECT COUNT(*)
      FROM [Rooms] AS [r]
      WHERE [r].[CurrentOccupancy] > 0
info: Microsoft.EntityFrameworkCore.Database.Command[20101]
      Executed DbCommand (1ms) [Parameters=[], CommandType='Text', CommandTimeout='30']
      SELECT [s].[Id], [s].[Name], [s].[StudentCode], [s].[RoomId]
      FROM [Students] AS [s]
      ORDER BY [s].[Name]
info: Microsoft.EntityFrameworkCore.Database.Command[20101]
      Executed DbCommand (1ms) [Parameters=[], CommandType='Text', CommandTimeout='30']
      SELECT [r].[Id], [r].[StudentId], [s].[Name] AS [studentName], [s].[StudentCode] AS [studentCode], [r].[RoomId], [r0].[RoomNumber] AS [roomNumber], [r].[RegistrationDate], [r].[ApprovedDate], [r].[Note], [r].[Status], [r].[CreatedAt]
      FROM [Registrations] AS [r]
      INNER JOIN [Students] AS [s] ON [r].[StudentId] = [s].[Id]
      INNER JOIN [Rooms] AS [r0] ON [r].[RoomId] = [r0].[Id]
      ORDER BY [r].[RegistrationDate] DESC
info: Microsoft.EntityFrameworkCore.Database.Command[20101]
      Executed DbCommand (2ms) [Parameters=[], CommandType='Text', CommandTimeout='30']
      SELECT [c].[Id], [c].[ContractCode], [c].[StudentId], [s].[Name] AS [studentName], [c].[RoomId], [r].[RoomNumber] AS [roomNumber], [c].[DepositAmount], [c].[MonthlyFee], [c].[StartDate], [c].[EndDate], [c].[Status], [c].[CreatedAt]
      FROM [Contracts] AS [c]
      INNER JOIN [Students] AS [s] ON [c].[StudentId] = [s].[Id]
      INNER JOIN [Rooms] AS [r] ON [c].[RoomId] = [r].[Id]
      ORDER BY [c].[StartDate] DESC
info: Microsoft.EntityFrameworkCore.Database.Command[20101]
      Executed DbCommand (1ms) [Parameters=[], CommandType='Text', CommandTimeout='30']
      SELECT COUNT(*)
      FROM [Rooms] AS [r]
      WHERE [r].[CurrentOccupancy] >= [r].[Capacity]
info: Microsoft.EntityFrameworkCore.Database.Command[20101]
      Executed DbCommand (1ms) [Parameters=[], CommandType='Text', CommandTimeout='30']
      SELECT [r].[Id], [r].[Name]
      FROM [Roles] AS [r]
      ORDER BY [r].[Name]
info: Microsoft.EntityFrameworkCore.Database.Command[20101]
      Executed DbCommand (1ms) [Parameters=[], CommandType='Text', CommandTimeout='30']
      SELECT COUNT(*)
      FROM [Students] AS [s]
info: Microsoft.EntityFrameworkCore.Database.Command[20101]
      Executed DbCommand (2ms) [Parameters=[], CommandType='Text', CommandTimeout='30']
      SELECT [u].[Id], [u].[RoomId], [u].[BillingMonth]
      FROM [Utilities] AS [u]
      ORDER BY [u].[BillingMonth] DESC
info: Microsoft.EntityFrameworkCore.Database.Command[20101]
      Executed DbCommand (2ms) [Parameters=[], CommandType='Text', CommandTimeout='30']
      SELECT COUNT(*)
      FROM [Contracts] AS [c]
      WHERE [c].[Status] = N'Active'
info: Microsoft.EntityFrameworkCore.Database.Command[20101]
      Executed DbCommand (1ms) [Parameters=[], CommandType='Text', CommandTimeout='30']
      SELECT [r].[Id], [r].[CreatedAt], [r].[Description], [r].[Name], [r].[UpdatedAt]
      FROM [Roles] AS [r]
      ORDER BY [r].[Name]
info: Microsoft.EntityFrameworkCore.Database.Command[20101]
      Executed DbCommand (1ms) [Parameters=[], CommandType='Text', CommandTimeout='30']
      SELECT [u].[Id], [u].[RoomId], [r].[RoomNumber] AS [roomNumber], [u].[ElectricityOld], [u].[ElectricityNew], [u].[ElectricityNew] - [u].[ElectricityOld] AS [electricityUsage], [u].[WaterOld], [u].[WaterNew], [u].[WaterNew] - [u].[WaterOld] AS [waterUsage], [u].[ElectricityUnitPrice], [u].[WaterUnitPrice], [u].[BillingMonth], CAST([u].[ElectricityNew] - [u].[ElectricityOld] AS decimal(18,2)) * [u].[ElectricityUnitPrice] AS [electricityFee], CAST([u].[WaterNew] - [u].[WaterOld] AS decimal(18,2)) * [u].[WaterUnitPrice] AS [waterFee], [u].[CreatedAt]
      FROM [Utilities] AS [u]
      INNER JOIN [Rooms] AS [r] ON [u].[RoomId] = [r].[Id]
      ORDER BY [u].[BillingMonth] DESC
info: Microsoft.EntityFrameworkCore.Database.Command[20101]
      Executed DbCommand (2ms) [Parameters=[], CommandType='Text', CommandTimeout='30']
      SELECT [b].[Name] AS [building], COALESCE(SUM([r].[CurrentOccupancy]), 0) AS [occupied], COALESCE(SUM([r].[Capacity]), 0) AS [capacity]
      FROM [Rooms] AS [r]
      INNER JOIN [Buildings] AS [b] ON [r].[BuildingId] = [b].[Id]
      GROUP BY [b].[Name]
info: Microsoft.EntityFrameworkCore.Database.Command[20101]
      Executed DbCommand (1ms) [Parameters=[], CommandType='Text', CommandTimeout='30']
      SELECT [u].[Id], [u].[Username], [u].[FullName], [u].[Email], [u].[RoleId], [r].[Name] AS [roleName], [u].[IsActive], [u].[CreatedAt]
      FROM [Users] AS [u]
      INNER JOIN [Roles] AS [r] ON [u].[RoleId] = [r].[Id]
      ORDER BY [u].[Username]
info: Microsoft.EntityFrameworkCore.Database.Command[20101]
      Executed DbCommand (2ms) [Parameters=[@__p_0='?' (DbType = Int32)], CommandType='Text', CommandTimeout='30']
      SELECT [t].[Id] AS [id], [s].[Name] AS [student], [r0].[RoomNumber] AS [room], [t].[Status] AS [status], [t].[CreatedAt] AS [createdAt]
      FROM (
          SELECT TOP(@__p_0) [r].[Id], [r].[CreatedAt], [r].[RoomId], [r].[Status], [r].[StudentId]
          FROM [Registrations] AS [r]
          ORDER BY [r].[CreatedAt] DESC
      ) AS [t]
      INNER JOIN [Students] AS [s] ON [t].[StudentId] = [s].[Id]
      INNER JOIN [Rooms] AS [r0] ON [t].[RoomId] = [r0].[Id]
      ORDER BY [t].[CreatedAt] DESC
info: Microsoft.EntityFrameworkCore.Database.Command[20101]
      Executed DbCommand (1ms) [Parameters=[], CommandType='Text', CommandTimeout='30']
      SELECT [r].[Id], [r].[RoomNumber], [r].[BuildingId], [b].[Name] AS [buildingName], [r].[FloorNumber], [r].[RoomType], [r].[Capacity], [r].[CurrentOccupancy], [r].[PricePerMonth], [r].[Status], [r].[Capacity] - [r].[CurrentOccupancy] AS [availableSlots], [r].[CreatedAt] AS [createdAt]
      FROM [Rooms] AS [r]
      INNER JOIN [Buildings] AS [b] ON [r].[BuildingId] = [b].[Id]
      ORDER BY [r].[RoomNumber]
info: Microsoft.EntityFrameworkCore.Database.Command[20101]
      Executed DbCommand (1ms) [Parameters=[], CommandType='Text', CommandTimeout='30']
      SELECT [s].[Id], [s].[StudentCode], [s].[Name], [s].[Gender], [s].[DateOfBirth], [s].[Phone], [s].[Email], [s].[Faculty], [s].[ClassName], [s].[Address], [s].[EmergencyContact], [s].[Status], [s].[RoomId], [r].[RoomNumber] AS [roomNumber], [b].[Name] AS [buildingName], [s].[CreatedAt] AS [createdAt]
      FROM [Students] AS [s]
      LEFT JOIN [Rooms] AS [r] ON [s].[RoomId] = [r].[Id]
      LEFT JOIN [Buildings] AS [b] ON [r].[BuildingId] = [b].[Id]
      ORDER BY [s].[StudentCode]
info: Microsoft.EntityFrameworkCore.Database.Command[20101]
      Executed DbCommand (2ms) [Parameters=[], CommandType='Text', CommandTimeout='30']
      SELECT [i].[Id], [i].[BillingMonth], [i].[CreatedAt], [i].[DueDate], [i].[ElectricityFee], [i].[InvoiceCode], [i].[PaidDate], [i].[RoomFee], [i].[RoomId], [i].[ServiceFee], [i].[Status], [i].[StudentId], [i].[Total], [i].[UpdatedAt], [i].[UtilityId], [i].[WaterFee]
      FROM [Invoices] AS [i]
info: Microsoft.EntityFrameworkCore.Database.Command[20101]
      Executed DbCommand (2ms) [Parameters=[], CommandType='Text', CommandTimeout='30']
      SELECT [s].[Id], [s].[StudentCode], [s].[Name], [s].[Gender], [s].[DateOfBirth], [s].[Phone], [s].[Email], [s].[Faculty], [s].[ClassName], [s].[Address], [s].[EmergencyContact], [s].[Status], [s].[RoomId], [r].[RoomNumber] AS [roomNumber], [b].[Name] AS [buildingName], [s].[CreatedAt] AS [createdAt]
      FROM [Students] AS [s]
      LEFT JOIN [Rooms] AS [r] ON [s].[RoomId] = [r].[Id]
      LEFT JOIN [Buildings] AS [b] ON [r].[BuildingId] = [b].[Id]
      ORDER BY [s].[StudentCode]
info: Microsoft.EntityFrameworkCore.Database.Command[20101]
      Executed DbCommand (2ms) [Parameters=[], CommandType='Text', CommandTimeout='30']
      SELECT [b].[Id], [b].[Name], [b].[Code]
      FROM [Buildings] AS [b]
      ORDER BY [b].[Name]
info: Microsoft.EntityFrameworkCore.Database.Command[20101]
      Executed DbCommand (2ms) [Parameters=[], CommandType='Text', CommandTimeout='30']
      SELECT [r].[Id], [r].[StudentId], [s].[Name] AS [studentName], [s].[StudentCode] AS [studentCode], [r].[RoomId], [r0].[RoomNumber] AS [roomNumber], [r].[RegistrationDate], [r].[ApprovedDate], [r].[Note], [r].[Status], [r].[CreatedAt]
      FROM [Registrations] AS [r]
      INNER JOIN [Students] AS [s] ON [r].[StudentId] = [s].[Id]
      INNER JOIN [Rooms] AS [r0] ON [r].[RoomId] = [r0].[Id]
      ORDER BY [r].[RegistrationDate] DESC
info: Microsoft.EntityFrameworkCore.Database.Command[20101]
      Executed DbCommand (2ms) [Parameters=[], CommandType='Text', CommandTimeout='30']
      SELECT COUNT(*)
      FROM [Rooms] AS [r]
info: Microsoft.EntityFrameworkCore.Database.Command[20101]
      Executed DbCommand (2ms) [Parameters=[], CommandType='Text', CommandTimeout='30']
      SELECT [r].[Id], [r].[RoomNumber], [r].[BuildingId], [b].[Name] AS [buildingName], [r].[Capacity], [r].[CurrentOccupancy]
      FROM [Rooms] AS [r]
      INNER JOIN [Buildings] AS [b] ON [r].[BuildingId] = [b].[Id]
      ORDER BY [r].[RoomNumber]
info: Microsoft.EntityFrameworkCore.Database.Command[20101]
      Executed DbCommand (1ms) [Parameters=[], CommandType='Text', CommandTimeout='30']
      SELECT [b].[Id], [b].[Code], [b].[Name], [b].[GenderPolicy], [b].[NumberOfFloors], [b].[ManagerName], [b].[Description], (
          SELECT COUNT(*)
          FROM [Rooms] AS [r]
          WHERE [b].[Id] = [r].[BuildingId]) AS [roomCount], [b].[CreatedAt] AS [createdAt]
      FROM [Buildings] AS [b]
      ORDER BY [b].[Code]
info: Microsoft.EntityFrameworkCore.Database.Command[20101]
      Executed DbCommand (1ms) [Parameters=[], CommandType='Text', CommandTimeout='30']
      SELECT [r].[Id], [r].[RoomNumber], [r].[BuildingId], [b].[Name] AS [buildingName], [r].[FloorNumber], [r].[RoomType], [r].[Capacity], [r].[CurrentOccupancy], [r].[PricePerMonth], [r].[Status], [r].[Capacity] - [r].[CurrentOccupancy] AS [availableSlots], [r].[CreatedAt] AS [createdAt]
      FROM [Rooms] AS [r]
      INNER JOIN [Buildings] AS [b] ON [r].[BuildingId] = [b].[Id]
      ORDER BY [r].[RoomNumber]
info: Microsoft.EntityFrameworkCore.Database.Command[20101]
      Executed DbCommand (1ms) [Parameters=[], CommandType='Text', CommandTimeout='30']
      SELECT COUNT(*)
      FROM [Rooms] AS [r]
      WHERE [r].[CurrentOccupancy] > 0
info: Microsoft.EntityFrameworkCore.Database.Command[20101]
      Executed DbCommand (1ms) [Parameters=[], CommandType='Text', CommandTimeout='30']
      SELECT [s].[Id], [s].[Name], [s].[StudentCode], [s].[RoomId]
      FROM [Students] AS [s]
      ORDER BY [s].[Name]
info: Microsoft.EntityFrameworkCore.Database.Command[20101]
      Executed DbCommand (2ms) [Parameters=[], CommandType='Text', CommandTimeout='30']
      SELECT COUNT(*)
      FROM [Rooms] AS [r]
      WHERE [r].[CurrentOccupancy] >= [r].[Capacity]
info: Microsoft.EntityFrameworkCore.Database.Command[20101]
      Executed DbCommand (3ms) [Parameters=[], CommandType='Text', CommandTimeout='30']
      SELECT [r].[Id], [r].[Name]
      FROM [Roles] AS [r]
      ORDER BY [r].[Name]
info: Microsoft.EntityFrameworkCore.Database.Command[20101]
      Executed DbCommand (3ms) [Parameters=[], CommandType='Text', CommandTimeout='30']
      SELECT [c].[Id], [c].[ContractCode], [c].[StudentId], [s].[Name] AS [studentName], [c].[RoomId], [r].[RoomNumber] AS [roomNumber], [c].[DepositAmount], [c].[MonthlyFee], [c].[StartDate], [c].[EndDate], [c].[Status], [c].[CreatedAt]
      FROM [Contracts] AS [c]
      INNER JOIN [Students] AS [s] ON [c].[StudentId] = [s].[Id]
      INNER JOIN [Rooms] AS [r] ON [c].[RoomId] = [r].[Id]
      ORDER BY [c].[StartDate] DESC
info: Microsoft.EntityFrameworkCore.Database.Command[20101]
      Executed DbCommand (2ms) [Parameters=[], CommandType='Text', CommandTimeout='30']
      SELECT COUNT(*)
      FROM [Students] AS [s]
info: Microsoft.EntityFrameworkCore.Database.Command[20101]
      Executed DbCommand (2ms) [Parameters=[], CommandType='Text', CommandTimeout='30']
      SELECT [u].[Id], [u].[RoomId], [r].[RoomNumber] AS [roomNumber], [u].[ElectricityOld], [u].[ElectricityNew], [u].[ElectricityNew] - [u].[ElectricityOld] AS [electricityUsage], [u].[WaterOld], [u].[WaterNew], [u].[WaterNew] - [u].[WaterOld] AS [waterUsage], [u].[ElectricityUnitPrice], [u].[WaterUnitPrice], [u].[BillingMonth], CAST([u].[ElectricityNew] - [u].[ElectricityOld] AS decimal(18,2)) * [u].[ElectricityUnitPrice] AS [electricityFee], CAST([u].[WaterNew] - [u].[WaterOld] AS decimal(18,2)) * [u].[WaterUnitPrice] AS [waterFee], [u].[CreatedAt]
      FROM [Utilities] AS [u]
      INNER JOIN [Rooms] AS [r] ON [u].[RoomId] = [r].[Id]
      ORDER BY [u].[BillingMonth] DESC
info: Microsoft.EntityFrameworkCore.Database.Command[20101]
      Executed DbCommand (2ms) [Parameters=[], CommandType='Text', CommandTimeout='30']
      SELECT [i].[Id], [i].[InvoiceCode], [i].[StudentId], [s].[Name] AS [studentName], [i].[RoomId], [r].[RoomNumber] AS [roomNumber], [i].[UtilityId], [i].[RoomFee], [i].[ElectricityFee], [i].[WaterFee], [i].[ServiceFee], [i].[Total], [i].[Status], [i].[BillingMonth], [i].[DueDate], [i].[PaidDate], [i].[CreatedAt]
      FROM [Invoices] AS [i]
      INNER JOIN [Students] AS [s] ON [i].[StudentId] = [s].[Id]
      INNER JOIN [Rooms] AS [r] ON [i].[RoomId] = [r].[Id]
      ORDER BY [i].[BillingMonth] DESC
info: Microsoft.EntityFrameworkCore.Database.Command[20101]
      Executed DbCommand (2ms) [Parameters=[], CommandType='Text', CommandTimeout='30']
      SELECT [u].[Id], [u].[RoomId], [u].[BillingMonth]
      FROM [Utilities] AS [u]
      ORDER BY [u].[BillingMonth] DESC
info: Microsoft.EntityFrameworkCore.Database.Command[20101]
      Executed DbCommand (2ms) [Parameters=[], CommandType='Text', CommandTimeout='30']
      SELECT COUNT(*)
      FROM [Contracts] AS [c]
      WHERE [c].[Status] = N'Active'
info: Microsoft.EntityFrameworkCore.Database.Command[20101]
      Executed DbCommand (2ms) [Parameters=[], CommandType='Text', CommandTimeout='30']
      SELECT [b].[Name] AS [building], COALESCE(SUM([r].[CurrentOccupancy]), 0) AS [occupied], COALESCE(SUM([r].[Capacity]), 0) AS [capacity]
      FROM [Rooms] AS [r]
      INNER JOIN [Buildings] AS [b] ON [r].[BuildingId] = [b].[Id]
      GROUP BY [b].[Name]
info: Microsoft.EntityFrameworkCore.Database.Command[20101]
      Executed DbCommand (1ms) [Parameters=[], CommandType='Text', CommandTimeout='30']
      SELECT [u].[Id], [u].[Username], [u].[FullName], [u].[Email], [u].[RoleId], [r].[Name] AS [roleName], [u].[IsActive], [u].[CreatedAt]
      FROM [Users] AS [u]
      INNER JOIN [Roles] AS [r] ON [u].[RoleId] = [r].[Id]
      ORDER BY [u].[Username]
info: Microsoft.EntityFrameworkCore.Database.Command[20101]
      Executed DbCommand (2ms) [Parameters=[@__p_0='?' (DbType = Int32)], CommandType='Text', CommandTimeout='30']
      SELECT [t].[Id] AS [id], [s].[Name] AS [student], [r0].[RoomNumber] AS [room], [t].[Status] AS [status], [t].[CreatedAt] AS [createdAt]
      FROM (
          SELECT TOP(@__p_0) [r].[Id], [r].[CreatedAt], [r].[RoomId], [r].[Status], [r].[StudentId]
          FROM [Registrations] AS [r]
          ORDER BY [r].[CreatedAt] DESC
      ) AS [t]
      INNER JOIN [Students] AS [s] ON [t].[StudentId] = [s].[Id]
      INNER JOIN [Rooms] AS [r0] ON [t].[RoomId] = [r0].[Id]
      ORDER BY [t].[CreatedAt] DESC
info: Microsoft.EntityFrameworkCore.Database.Command[20101]
      Executed DbCommand (2ms) [Parameters=[], CommandType='Text', CommandTimeout='30']
      SELECT [r].[Id], [r].[CreatedAt], [r].[Description], [r].[Name], [r].[UpdatedAt]
      FROM [Roles] AS [r]
      ORDER BY [r].[Name]
info: Microsoft.EntityFrameworkCore.Database.Command[20101]
      Executed DbCommand (2ms) [Parameters=[], CommandType='Text', CommandTimeout='30']
      SELECT [i].[Id], [i].[BillingMonth], [i].[CreatedAt], [i].[DueDate], [i].[ElectricityFee], [i].[InvoiceCode], [i].[PaidDate], [i].[RoomFee], [i].[RoomId], [i].[ServiceFee], [i].[Status], [i].[StudentId], [i].[Total], [i].[UpdatedAt], [i].[UtilityId], [i].[WaterFee]
      FROM [Invoices] AS [i]
info: Microsoft.EntityFrameworkCore.Database.Command[20101]
      Executed DbCommand (2ms) [Parameters=[], CommandType='Text', CommandTimeout='30']
      SELECT COUNT(*)
      FROM [Rooms] AS [r]
info: Microsoft.EntityFrameworkCore.Database.Command[20101]
      Executed DbCommand (2ms) [Parameters=[], CommandType='Text', CommandTimeout='30']
      SELECT COUNT(*)
      FROM [Rooms] AS [r]
      WHERE [r].[CurrentOccupancy] > 0
info: Microsoft.EntityFrameworkCore.Database.Command[20101]
      Executed DbCommand (1ms) [Parameters=[], CommandType='Text', CommandTimeout='30']
      SELECT COUNT(*)
      FROM [Rooms] AS [r]
      WHERE [r].[CurrentOccupancy] >= [r].[Capacity]
info: Microsoft.EntityFrameworkCore.Database.Command[20101]
      Executed DbCommand (2ms) [Parameters=[], CommandType='Text', CommandTimeout='30']
      SELECT COUNT(*)
      FROM [Students] AS [s]
info: Microsoft.EntityFrameworkCore.Database.Command[20101]
      Executed DbCommand (2ms) [Parameters=[], CommandType='Text', CommandTimeout='30']
      SELECT COUNT(*)
      FROM [Contracts] AS [c]
      WHERE [c].[Status] = N'Active'
info: Microsoft.EntityFrameworkCore.Database.Command[20101]
      Executed DbCommand (2ms) [Parameters=[], CommandType='Text', CommandTimeout='30']
      SELECT [b].[Name] AS [building], COALESCE(SUM([r].[CurrentOccupancy]), 0) AS [occupied], COALESCE(SUM([r].[Capacity]), 0) AS [capacity]
      FROM [Rooms] AS [r]
      INNER JOIN [Buildings] AS [b] ON [r].[BuildingId] = [b].[Id]
      GROUP BY [b].[Name]
info: Microsoft.EntityFrameworkCore.Database.Command[20101]
      Executed DbCommand (1ms) [Parameters=[@__p_0='?' (DbType = Int32)], CommandType='Text', CommandTimeout='30']
      SELECT [t].[Id] AS [id], [s].[Name] AS [student], [r0].[RoomNumber] AS [room], [t].[Status] AS [status], [t].[CreatedAt] AS [createdAt]
      FROM (
          SELECT TOP(@__p_0) [r].[Id], [r].[CreatedAt], [r].[RoomId], [r].[Status], [r].[StudentId]
          FROM [Registrations] AS [r]
          ORDER BY [r].[CreatedAt] DESC
      ) AS [t]
      INNER JOIN [Students] AS [s] ON [t].[StudentId] = [s].[Id]
      INNER JOIN [Rooms] AS [r0] ON [t].[RoomId] = [r0].[Id]
      ORDER BY [t].[CreatedAt] DESC
info: Microsoft.EntityFrameworkCore.Database.Command[20101]
      Executed DbCommand (2ms) [Parameters=[], CommandType='Text', CommandTimeout='30']
      SELECT [b].[Id], [b].[Name], [b].[Code]
      FROM [Buildings] AS [b]
      ORDER BY [b].[Name]
info: Microsoft.EntityFrameworkCore.Database.Command[20101]
      Executed DbCommand (1ms) [Parameters=[], CommandType='Text', CommandTimeout='30']
      SELECT [r].[Id], [r].[RoomNumber], [r].[BuildingId], [b].[Name] AS [buildingName], [r].[Capacity], [r].[CurrentOccupancy]
      FROM [Rooms] AS [r]
      INNER JOIN [Buildings] AS [b] ON [r].[BuildingId] = [b].[Id]
      ORDER BY [r].[RoomNumber]
info: Microsoft.EntityFrameworkCore.Database.Command[20101]
      Executed DbCommand (1ms) [Parameters=[], CommandType='Text', CommandTimeout='30']
      SELECT [s].[Id], [s].[Name], [s].[StudentCode], [s].[RoomId]
      FROM [Students] AS [s]
      ORDER BY [s].[Name]
info: Microsoft.EntityFrameworkCore.Database.Command[20101]
      Executed DbCommand (2ms) [Parameters=[], CommandType='Text', CommandTimeout='30']
      SELECT [r].[Id], [r].[Name]
      FROM [Roles] AS [r]
      ORDER BY [r].[Name]
info: Microsoft.EntityFrameworkCore.Database.Command[20101]
      Executed DbCommand (1ms) [Parameters=[], CommandType='Text', CommandTimeout='30']
      SELECT [r].[Id], [r].[RoomNumber], [r].[BuildingId], [b].[Name] AS [buildingName], [r].[FloorNumber], [r].[RoomType], [r].[Capacity], [r].[CurrentOccupancy], [r].[PricePerMonth], [r].[Status], [r].[Capacity] - [r].[CurrentOccupancy] AS [availableSlots], [r].[CreatedAt] AS [createdAt]
      FROM [Rooms] AS [r]
      INNER JOIN [Buildings] AS [b] ON [r].[BuildingId] = [b].[Id]
      ORDER BY [r].[RoomNumber]
info: Microsoft.EntityFrameworkCore.Database.Command[20101]
      Executed DbCommand (1ms) [Parameters=[], CommandType='Text', CommandTimeout='30']
      SELECT [u].[Id], [u].[RoomId], [u].[BillingMonth]
      FROM [Utilities] AS [u]
      ORDER BY [u].[BillingMonth] DESC
info: Microsoft.EntityFrameworkCore.Database.Command[20101]
      Executed DbCommand (2ms) [Parameters=[], CommandType='Text', CommandTimeout='30']
      SELECT [u].[Id], [u].[RoomId], [r].[RoomNumber] AS [roomNumber], [u].[ElectricityOld], [u].[ElectricityNew], [u].[ElectricityNew] - [u].[ElectricityOld] AS [electricityUsage], [u].[WaterOld], [u].[WaterNew], [u].[WaterNew] - [u].[WaterOld] AS [waterUsage], [u].[ElectricityUnitPrice], [u].[WaterUnitPrice], [u].[BillingMonth], CAST([u].[ElectricityNew] - [u].[ElectricityOld] AS decimal(18,2)) * [u].[ElectricityUnitPrice] AS [electricityFee], CAST([u].[WaterNew] - [u].[WaterOld] AS decimal(18,2)) * [u].[WaterUnitPrice] AS [waterFee], [u].[CreatedAt]
      FROM [Utilities] AS [u]
      INNER JOIN [Rooms] AS [r] ON [u].[RoomId] = [r].[Id]
      ORDER BY [u].[BillingMonth] DESC
info: Microsoft.EntityFrameworkCore.Database.Command[20101]
      Executed DbCommand (1ms) [Parameters=[], CommandType='Text', CommandTimeout='30']
      SELECT [i].[Id], [i].[InvoiceCode], [i].[StudentId], [s].[Name] AS [studentName], [i].[RoomId], [r].[RoomNumber] AS [roomNumber], [i].[UtilityId], [i].[RoomFee], [i].[ElectricityFee], [i].[WaterFee], [i].[ServiceFee], [i].[Total], [i].[Status], [i].[BillingMonth], [i].[DueDate], [i].[PaidDate], [i].[CreatedAt]
      FROM [Invoices] AS [i]
      INNER JOIN [Students] AS [s] ON [i].[StudentId] = [s].[Id]
      INNER JOIN [Rooms] AS [r] ON [i].[RoomId] = [r].[Id]
      ORDER BY [i].[BillingMonth] DESC
info: Microsoft.EntityFrameworkCore.Database.Command[20101]
      Executed DbCommand (2ms) [Parameters=[], CommandType='Text', CommandTimeout='30']
      SELECT [b].[Id], [b].[Code], [b].[Name], [b].[GenderPolicy], [b].[NumberOfFloors], [b].[ManagerName], [b].[Description], (
          SELECT COUNT(*)
          FROM [Rooms] AS [r]
          WHERE [b].[Id] = [r].[BuildingId]) AS [roomCount], [b].[CreatedAt] AS [createdAt]
      FROM [Buildings] AS [b]
      ORDER BY [b].[Code]
info: Microsoft.EntityFrameworkCore.Database.Command[20101]
      Executed DbCommand (2ms) [Parameters=[], CommandType='Text', CommandTimeout='30']
      SELECT [s].[Id], [s].[StudentCode], [s].[Name], [s].[Gender], [s].[DateOfBirth], [s].[Phone], [s].[Email], [s].[Faculty], [s].[ClassName], [s].[Address], [s].[EmergencyContact], [s].[Status], [s].[RoomId], [r].[RoomNumber] AS [roomNumber], [b].[Name] AS [buildingName], [s].[CreatedAt] AS [createdAt]
      FROM [Students] AS [s]
      LEFT JOIN [Rooms] AS [r] ON [s].[RoomId] = [r].[Id]
      LEFT JOIN [Buildings] AS [b] ON [r].[BuildingId] = [b].[Id]
      ORDER BY [s].[StudentCode]
info: Microsoft.EntityFrameworkCore.Database.Command[20101]
      Executed DbCommand (2ms) [Parameters=[], CommandType='Text', CommandTimeout='30']
      SELECT [c].[Id], [c].[ContractCode], [c].[StudentId], [s].[Name] AS [studentName], [c].[RoomId], [r].[RoomNumber] AS [roomNumber], [c].[DepositAmount], [c].[MonthlyFee], [c].[StartDate], [c].[EndDate], [c].[Status], [c].[CreatedAt]
      FROM [Contracts] AS [c]
      INNER JOIN [Students] AS [s] ON [c].[StudentId] = [s].[Id]
      INNER JOIN [Rooms] AS [r] ON [c].[RoomId] = [r].[Id]
      ORDER BY [c].[StartDate] DESC
info: Microsoft.EntityFrameworkCore.Database.Command[20101]
      Executed DbCommand (2ms) [Parameters=[], CommandType='Text', CommandTimeout='30']
      SELECT [r].[Id], [r].[CreatedAt], [r].[Description], [r].[Name], [r].[UpdatedAt]
      FROM [Roles] AS [r]
      ORDER BY [r].[Name]
info: Microsoft.EntityFrameworkCore.Database.Command[20101]
      Executed DbCommand (2ms) [Parameters=[], CommandType='Text', CommandTimeout='30']
      SELECT [u].[Id], [u].[Username], [u].[FullName], [u].[Email], [u].[RoleId], [r].[Name] AS [roleName], [u].[IsActive], [u].[CreatedAt]
      FROM [Users] AS [u]
      INNER JOIN [Roles] AS [r] ON [u].[RoleId] = [r].[Id]
      ORDER BY [u].[Username]
info: Microsoft.EntityFrameworkCore.Database.Command[20101]
      Executed DbCommand (2ms) [Parameters=[], CommandType='Text', CommandTimeout='30']
      SELECT [r].[Id], [r].[StudentId], [s].[Name] AS [studentName], [s].[StudentCode] AS [studentCode], [r].[RoomId], [r0].[RoomNumber] AS [roomNumber], [r].[RegistrationDate], [r].[ApprovedDate], [r].[Note], [r].[Status], [r].[CreatedAt]
      FROM [Registrations] AS [r]
      INNER JOIN [Students] AS [s] ON [r].[StudentId] = [s].[Id]
      INNER JOIN [Rooms] AS [r0] ON [r].[RoomId] = [r0].[Id]
      ORDER BY [r].[RegistrationDate] DESC
